<?xml version="1.0" encoding="UTF-8"?>
<testng-results ignored="0" total="1" passed="1" failed="0" skipped="0">
  <reporter-output>
  </reporter-output>
  <suite started-at="2025-11-21T00:28:42 IST" name="Suite" finished-at="2025-11-21T00:28:44 IST" duration-ms="1547">
    <groups>
    </groups>
    <test started-at="2025-11-21T00:28:42 IST" name="Test" finished-at="2025-11-21T00:28:44 IST" duration-ms="1547">
      <class name="com.test.LoginTest">
        <test-method is-config="true" signature="setUp()[pri:0, instance:com.test.LoginTest@432038ec]" started-at="2025-11-21T00:28:35 IST" name="setUp" finished-at="2025-11-21T00:28:42 IST" duration-ms="7175" status="PASS">
          <reporter-output>
          </reporter-output>
        </test-method> <!-- setUp -->
        <test-method signature="loginWithUservalid()[pri:0, instance:com.test.LoginTest@432038ec]" started-at="2025-11-21T00:28:42 IST" name="loginWithUservalid" finished-at="2025-11-21T00:28:44 IST" duration-ms="1092" status="PASS">
          <reporter-output>
          </reporter-output>
        </test-method> <!-- loginWithUservalid -->
        <test-method is-config="true" signature="tearDoen()[pri:0, instance:com.test.LoginTest@432038ec]" started-at="2025-11-21T00:28:44 IST" name="tearDoen" finished-at="2025-11-21T00:28:44 IST" duration-ms="278" status="PASS">
          <reporter-output>
          </reporter-output>
        </test-method> <!-- tearDoen -->
      </class> <!-- com.test.LoginTest -->
    </test> <!-- Test -->
  </suite> <!-- Suite -->
</testng-results>
